TN:
SF:src/getDefaultExtensions.ts
FN:21,(anonymous_0)
FNF:1
FNH:1
FNDA:30,(anonymous_0)
DA:21,1
DA:29,30
DA:30,30
DA:31,30
DA:32,30
DA:34,30
DA:35,30
DA:36,30
DA:38,0
DA:41,30
DA:42,4
DA:44,30
DA:46,28
DA:47,28
DA:49,2
DA:50,2
DA:52,0
DA:54,0
DA:55,0
DA:57,30
DA:58,4
DA:60,30
DA:61,0
DA:64,30
LF:24
LH:19
BRDA:21,0,0,0
BRDA:23,1,0,0
BRDA:24,2,0,0
BRDA:25,3,0,0
BRDA:26,4,0,0
BRDA:27,5,0,0
BRDA:28,6,0,0
BRDA:31,7,0,30
BRDA:31,7,1,0
BRDA:34,8,0,30
BRDA:34,8,1,0
BRDA:35,9,0,30
BRDA:35,9,1,0
BRDA:41,10,0,4
BRDA:41,10,1,26
BRDA:44,11,0,28
BRDA:44,11,1,2
BRDA:44,11,2,0
BRDA:44,11,3,0
BRDA:57,12,0,4
BRDA:57,12,1,26
BRDA:60,13,0,0
BRDA:60,13,1,30
BRF:23
BRH:10
end_of_record
TN:
SF:src/index.tsx
FN:89,(anonymous_0)
FN:143,(anonymous_1)
FNF:2
FNH:2
FNDA:30,(anonymous_0)
FNDA:4,(anonymous_1)
DA:89,1
DA:115,30
DA:116,30
DA:117,30
DA:143,30
DA:151,30
DA:152,0
DA:155,30
DA:156,30
DA:159,1
LF:10
LH:9
BRDA:92,0,0,13
BRDA:94,1,0,30
BRDA:100,2,0,28
BRDA:151,3,0,0
BRDA:151,3,1,30
BRDA:155,4,0,30
BRDA:155,4,1,0
BRDA:156,5,0,9
BRDA:156,5,1,21
BRF:9
BRH:7
end_of_record
TN:
SF:src/useCodeMirror.ts
FN:16,useCodeMirror
FN:57,(anonymous_1)
FN:63,(anonymous_2)
FN:88,(anonymous_3)
FN:109,(anonymous_4)
FN:117,(anonymous_5)
FN:120,(anonymous_6)
FN:120,(anonymous_7)
FN:129,(anonymous_8)
FN:135,(anonymous_9)
FN:158,(anonymous_10)
FNF:11
FNH:11
FNDA:30,useCodeMirror
FNDA:11,(anonymous_1)
FNDA:2,(anonymous_2)
FNDA:28,(anonymous_3)
FNDA:26,(anonymous_4)
FNDA:14,(anonymous_5)
FNDA:14,(anonymous_6)
FNDA:12,(anonymous_7)
FNDA:14,(anonymous_8)
FNDA:29,(anonymous_9)
FNDA:15,(anonymous_10)
DA:8,1
DA:14,1
DA:40,30
DA:41,30
DA:42,30
DA:43,30
DA:44,30
DA:57,30
DA:58,11
DA:63,2
DA:65,1
DA:66,1
DA:67,1
DA:69,11
DA:72,30
DA:81,30
DA:83,30
DA:84,4
DA:86,30
DA:88,30
DA:89,28
DA:90,6
DA:95,6
DA:98,6
DA:99,6
DA:100,6
DA:105,6
DA:106,6
DA:109,28
DA:110,26
DA:111,6
DA:112,6
DA:117,30
DA:119,30
DA:120,14
DA:121,12
DA:122,6
DA:123,6
DA:129,30
DA:130,14
DA:131,2
DA:135,30
DA:136,29
DA:137,7
DA:158,30
DA:159,15
DA:160,0
DA:162,15
DA:163,15
DA:164,1
DA:171,30
LF:51
LH:50
BRDA:24,0,0,0
BRDA:26,1,0,0
BRDA:27,2,0,30
BRDA:28,3,0,30
BRDA:29,4,0,30
BRDA:30,5,0,26
BRDA:31,6,0,30
BRDA:32,7,0,30
BRDA:33,8,0,30
BRDA:34,9,0,26
BRDA:35,10,0,30
BRDA:36,11,0,30
BRDA:37,12,0,30
BRDA:58,13,0,1
BRDA:58,13,1,10
BRDA:59,14,0,11
BRDA:59,14,1,2
BRDA:59,14,2,2
BRDA:69,15,0,11
BRDA:69,15,1,0
BRDA:83,16,0,4
BRDA:83,16,1,26
BRDA:83,17,0,30
BRDA:83,17,1,4
BRDA:89,18,0,6
BRDA:89,18,1,22
BRDA:89,19,0,28
BRDA:89,19,1,12
BRDA:95,20,0,0
BRDA:95,20,1,6
BRDA:99,21,0,6
BRDA:99,21,1,0
BRDA:106,22,0,6
BRDA:106,22,1,0
BRDA:110,23,0,6
BRDA:110,23,1,20
BRDA:121,24,0,6
BRDA:121,24,1,6
BRDA:130,25,0,2
BRDA:130,25,1,12
BRDA:130,26,0,14
BRDA:130,26,1,4
BRDA:136,27,0,7
BRDA:136,27,1,22
BRDA:159,28,0,0
BRDA:159,28,1,15
BRDA:162,29,0,7
BRDA:162,29,1,8
BRDA:163,30,0,1
BRDA:163,30,1,14
BRDA:163,31,0,15
BRDA:163,31,1,7
BRDA:165,32,0,1
BRDA:165,32,1,0
BRF:54
BRH:46
end_of_record
TN:
SF:src/utils.ts
FN:34,(anonymous_0)
FN:46,(anonymous_1)
FN:47,(anonymous_2)
FNF:3
FNH:0
FNDA:0,(anonymous_0)
FNDA:0,(anonymous_1)
FNDA:0,(anonymous_2)
DA:34,1
DA:35,0
DA:46,0
DA:47,0
LF:4
LH:1
BRF:0
BRH:0
end_of_record
TN:
SF:src/theme/light.ts
FNF:0
FNH:0
DA:3,1
LF:1
LH:1
BRF:0
BRH:0
end_of_record
